--- Heesch Solver Summary ---
corona 1: tile positions test passed at radius 3
Testing Shape 36
Pyramids: [(0, 0, 0, 0), (0, 0, 0, 2), (0, 0, 0, 3), (0, 1, 0, 3), (0, -1, 0, 2), (0, 1, 0, 0)]
Coronas: 1
S1 positions: 878
Solver Status: OPTIMAL
Solution Found:
S1: [(-2, -1, -1, 6), (-2, -1, -1, 17), (-2, -1, 0, 6), (-2, -1, 0, 17), (-2, -1, 0, 23), (-2, -1, 1, 6), (-2, -1, 1, 23), (-2, 0, -1, 6), (-2, 0, -1, 12), (-2, 0, -1, 17), (-2, 0, 0, 6), (-2, 0, 0, 12), (-2, 0, 0, 23), (-2, 0, 1, 6), (-2, 0, 1, 12), (-2, 1, -1, 12), (-2, 1, -1, 17), (-2, 1, 0, 12), (-2, 1, 0, 17), (-2, 1, 0, 23), (-2, 1, 1, 12), (-2, 1, 1, 23), (-1, -2, -1, 0), (-1, -2, 1, 0), (-1, -1, 0, 14), (-1, 0, -2, 20), (-1, 0, 1, 16), (-1, 1, -2, 20), (-1, 1, 0, 4), (-1, 1, 2, 16), (-1, 2, -1, 12), (-1, 2, -1, 17), (-1, 2, 0, 17), (-1, 2, 0, 23), (-1, 2, 1, 12), (-1, 2, 1, 23), (0, -2, -1, 0), (0, -2, -1, 2), (0, -2, 0, 8), (0, -2, 1, 0), (0, -2, 1, 2), (0, -1, -2, 7), (0, -1, -1, 15), (0, -1, 1, 13), (0, -1, 2, 5), (0, 0, -2, 7), (0, 0, -2, 13), (0, 0, -2, 20), (0, 0, -1, 18), (0, 0, 1, 20), (0, 0, 2, 5), (0, 0, 2, 15), (0, 0, 2, 22), (0, 1, -2, 7), (0, 1, -2, 13), (0, 1, -2, 20), (0, 1, -1, 22), (0, 1, 1, 20), (0, 1, 2, 5), (0, 1, 2, 15), (0, 1, 2, 22), (0, 2, -2, 20), (0, 2, 0, 2), (0, 2, 2, 16), (0, 3, 0, 8), (1, -2, -1, 1), (1, -2, -1, 2), (1, -2, 0, 1), (1, -2, 0, 3), (1, -2, 1, 2), (1, -2, 1, 3), (1, -1, -2, 7), (1, -1, 0, 12), (1, -1, 2, 5), (1, 0, -2, 7), (1, 0, -2, 13), (1, 0, -2, 18), (1, 0, 0, 2), (1, 0, 2, 5), (1, 0, 2, 15), (1, 0, 2, 22), (1, 1, -2, 7), (1, 1, -2, 13), (1, 1, -2, 18), (1, 1, 2, 5), (1, 1, 2, 15), (1, 1, 2, 22), (1, 2, -2, 13), (1, 2, -2, 18), (1, 2, 2, 15), (1, 2, 2, 22), (1, 3, -1, 9), (1, 3, 0, 9), (1, 3, 0, 10), (1, 3, 0, 11), (1, 3, 1, 11), (2, 0, -1, 21), (2, 0, 0, 19), (2, 0, 0, 21), (2, 0, 1, 19), (2, 1, -1, 21), (2, 1, 0, 4), (2, 1, 0, 19), (2, 1, 0, 21), (2, 1, 1, 19), (2, 2, 0, 14)]

corona 1: tile positions test passed at radius 3
Corona 2: Radius 3 insufficient. Expanding to 4...
Corona 2: Radius 4 insufficient. Expanding to 5...
corona 2: tile positions test passed at radius 5
Testing Shape 36
Pyramids: [(0, 0, 0, 0), (0, 0, 0, 2), (0, 0, 0, 3), (0, 1, 0, 3), (0, -1, 0, 2), (0, 1, 0, 0)]
Coronas: 2
S1 positions: 878
S2 positions: 7298
Solver Status: OPTIMAL
Solution Found:
S1: [(-2, 1, -1, 12), (-1, -1, -1, 1), (-1, -1, -1, 19), (-1, -1, 0, 1), (-1, -1, 0, 23), (-1, -1, 1, 3), (-1, -1, 2, 16), (-1, 0, -2, 7), (-1, 0, 0, 23), (-1, 1, 0, 2), (-1, 1, 0, 20), (-1, 1, 1, 1), (-1, 2, -1, 8), (-1, 2, 1, 23), (0, -2, 0, 10), (0, -2, 1, 2), (0, -1, -1, 3), (0, -1, 1, 7), (0, 0, -1, 17), (0, 0, 1, 6), (0, 0, 1, 13), (0, 1, -1, 2), (0, 1, 0, 18), (0, 2, -2, 20), (0, 2, 0, 3), (0, 2, 0, 21), (0, 2, 1, 9), (0, 3, -1, 9), (1, -1, -1, 3), (1, -1, -1, 21), (1, -1, 0, 3), (1, -1, 0, 17), (1, -1, 1, 11), (1, -1, 1, 17), (1, 0, 1, 16), (1, 1, -1, 3), (1, 1, -1, 17), (1, 1, 0, 10), (1, 1, 1, 7), (1, 1, 1, 14), (1, 2, 0, 7), (1, 2, 1, 12), (1, 3, -1, 10), (2, 1, 0, 19)]
S2: [(-3, -2, -1, 3), (-3, -2, -1, 21), (-3, -2, 1, 6), (-3, -1, -2, 9), (-3, -1, -1, 6), (-3, -1, 0, 23), (-3, 0, -2, 6), (-3, 0, -1, 7), (-3, 0, 0, 21), (-3, 0, 2, 6), (-3, 1, -2, 5), (-3, 1, -2, 14), (-3, 1, 0, 4), (-3, 1, 0, 13), (-3, 1, 2, 12), (-3, 2, -2, 14), (-3, 2, -1, 3), (-3, 2, 0, 23), (-3, 2, 1, 4), (-3, 2, 1, 15), (-3, 3, -2, 9), (-2, -3, 1, 3), (-2, -2, -2, 11), (-2, -2, -2, 17), (-2, -2, -1, 1), (-2, -2, 0, 9), (-2, -2, 0, 19), (-2, -2, 2, 16), (-2, -2, 3, 8), (-2, -1, -3, 7), (-2, -1, -3, 14), (-2, -1, -2, 17), (-2, -1, 1, 5), (-2, -1, 1, 14), (-2, -1, 2, 0), (-2, -1, 3, 20), (-2, 0, -3, 4), (-2, 0, -3, 15), (-2, 0, -1, 7), (-2, 0, -1, 14), (-2, 0, 1, 4), (-2, 0, 1, 15), (-2, 0, 3, 2), (-2, 0, 3, 20), (-2, 1, -3, 13), (-2, 1, -1, 5), (-2, 1, 1, 4), (-2, 1, 1, 15), (-2, 1, 3, 5), (-2, 2, -2, 13), (-2, 2, -1, 17), (-2, 2, 0, 8), (-2, 2, 1, 13), (-2, 3, -2, 3), (-2, 3, -2, 17), (-2, 3, -1, 2), (-2, 3, 0, 18), (-2, 3, 1, 1), (-2, 3, 2, 1), (-2, 3, 2, 23), (-1, -3, -1, 1), (-1, -3, -1, 19), (-1, -3, 0, 3), (-1, -3, 1, 2), (-1, -3, 1, 16), (-1, -3, 2, 0), (-1, -3, 3, 0), (-1, -2, -3, 0), (-1, -2, -2, 0), (-1, -2, -1, 19), (-1, -2, 1, 16), (-1, -2, 3, 22), (-1, -1, -3, 7), (-1, -1, 2, 2), (-1, -1, 3, 2), (-1, 0, -2, 14), (-1, 0, 2, 20), (-1, 1, -3, 12), (-1, 1, -2, 5), (-1, 1, -2, 12), (-1, 1, 2, 1), (-1, 1, 2, 23), (-1, 2, -3, 14), (-1, 2, -2, 5), (-1, 2, -2, 12), (-1, 2, 2, 23), (-1, 2, 3, 12), (-1, 3, -3, 4), (-1, 3, -3, 13), (-1, 3, -1, 19), (-1, 3, 0, 11), (-1, 3, 0, 17), (-1, 3, 1, 1), (-1, 3, 1, 23), (-1, 3, 2, 0), (0, -3, -2, 7), (0, -3, 0, 15), (0, -3, 2, 22), (0, -2, -2, 13), (0, -2, 1, 20), (0, -2, 2, 2), (0, -2, 3, 8), (0, -2, 3, 18), (0, -1, -3, 22), (0, -1, -2, 10), (0, -1, 3, 23), (0, 0, -3, 7), (0, 0, -3, 14), (0, 0, 3, 0), (0, 0, 3, 22), (0, 1, -2, 5), (0, 1, 3, 5), (0, 2, 3, 5), (0, 3, -3, 8), (0, 3, -2, 2), (0, 3, -2, 20), (0, 3, 2, 18), (1, -3, -1, 3), (1, -3, -1, 17), (1, -3, 0, 1), (1, -3, 0, 23), (1, -3, 1, 2), (1, -3, 2, 0), (1, -3, 2, 18), (1, -2, -2, 17), (1, -2, -1, 21), (1, -2, 0, 19), (1, -2, 3, 22), (1, -1, -3, 4), (1, -1, -2, 11), (1, -1, -2, 21), (1, -1, 2, 11), (1, -1, 2, 21), (1, -1, 3, 8), (1, 0, -3, 7), (1, 0, -2, 21), (1, 0, 2, 4), (1, 0, 3, 20), (1, 1, -3, 22), (1, 1, -2, 12), (1, 1, 2, 14), (1, 1, 3, 10), (1, 1, 3, 20), (1, 2, -3, 0), (1, 2, -3, 18), (1, 2, -2, 9), (1, 2, 2, 7), (1, 2, 2, 14), (1, 2, 3, 17), (1, 3, -3, 18), (1, 3, -1, 16), (1, 3, 0, 4), (1, 3, 1, 4), (1, 3, 1, 15), (1, 3, 2, 14), (2, -3, 0, 1), (2, -3, 1, 9), (2, -3, 1, 19), (2, -3, 2, 2), (2, -2, -3, 7), (2, -2, -1, 1), (2, -2, 1, 21), (2, -2, 3, 16), (2, -1, -2, 7), (2, -1, 0, 11), (2, -1, 1, 11), (2, -1, 2, 11), (2, -1, 3, 16), (2, 0, -3, 7), (2, 0, -1, 7), (2, 0, -1, 12), (2, 0, 1, 22), (2, 1, 1, 15), (2, 1, 2, 0), (2, 1, 3, 0), (2, 1, 3, 18), (2, 2, -2, 9), (2, 2, -2, 23), (2, 2, -1, 11), (2, 2, -1, 17), (2, 2, 0, 3), (2, 2, 0, 17), (2, 2, 2, 7), (2, 3, -2, 18), (2, 3, 1, 11), (2, 3, 2, 13), (3, -2, -1, 19), (3, -2, 0, 7), (3, -2, 0, 12), (3, -2, 2, 2), (3, -2, 2, 20), (3, -1, -2, 14), (3, -1, -1, 23), (3, -1, 0, 5), (3, -1, 0, 12), (3, -1, 1, 12), (3, -1, 2, 5), (3, 0, -2, 14), (3, 0, -1, 7), (3, 0, 0, 12), (3, 0, 1, 4), (3, 0, 1, 13), (3, 0, 2, 21), (3, 1, -1, 7), (3, 1, -1, 14), (3, 1, 1, 4), (3, 1, 1, 13), (3, 1, 3, 22), (3, 2, 1, 23), (3, 2, 2, 15), (3, 3, -2, 4), (3, 3, -1, 21), (3, 3, 0, 11), (3, 3, 0, 21), (3, 3, 2, 10), (-4, 1, -1, 12), (-4, 2, -1, 17), (-2, -4, -1, 17), (-2, 4, -2, 17), (-1, -4, 0, 17), (-1, -4, 1, 23), (-1, -1, 4, 20), (-1, 0, -4, 7), (-1, 4, -2, 8), (-1, 4, -1, 9), (-1, 4, -1, 19), (-1, 4, 0, 19), (0, -4, -1, 7), (0, -4, 1, 0), (0, -4, 2, 0), (0, 1, -4, 20), (0, 2, -4, 13), (0, 4, -2, 16), (0, 4, 0, 13), (1, 4, -2, 0), (1, 4, -1, 22), (1, 4, 0, 4), (1, 4, 1, 15), (2, 4, -3, 13), (2, 4, -1, 0), (2, 4, -1, 22), (2, 4, 0, 0), (4, 1, 0, 14), (4, 1, 2, 4), (4, 2, -1, 14), (4, 2, 0, 14), (-1, -5, -1, 0), (-1, -5, 0, 3), (0, -5, -1, 2), (0, 5, -1, 8), (1, 5, -1, 8)]

corona 1: tile positions test passed at radius 3
Corona 2: Radius 3 insufficient. Expanding to 4...
Corona 2: Radius 4 insufficient. Expanding to 5...
corona 2: tile positions test passed at radius 5
Corona 3: Radius 5 insufficient. Expanding to 6...
Corona 3: Radius 6 insufficient. Expanding to 7...
Corona 3: Radius 7 insufficient. Expanding to 8...
corona 3: tile positions test passed at radius 8
Testing Shape 36
Pyramids: [(0, 0, 0, 0), (0, 0, 0, 2), (0, 0, 0, 3), (0, 1, 0, 3), (0, -1, 0, 2), (0, 1, 0, 0)]
Coronas: 3
S1 positions: 878
S2 positions: 7298
S3 positions: 21408
