Generating poly-pyramids of size 3...
Layer 1 (Size 2) generated 2 shapes.
Layer 2 (Size 3) generated 3 shapes.
Generating poly-pyramids of size 4...
Layer 1 (Size 2) generated 2 shapes.
Layer 2 (Size 3) generated 3 shapes.
Layer 3 (Size 4) generated 10 shapes.
Generating poly-pyramids of size 5...
Layer 1 (Size 2) generated 2 shapes.
Layer 2 (Size 3) generated 3 shapes.
Layer 3 (Size 4) generated 10 shapes.
Layer 4 (Size 5) generated 21 shapes.
Generating poly-pyramids of size 6...
Layer 1 (Size 2) generated 2 shapes.
Layer 2 (Size 3) generated 3 shapes.
Layer 3 (Size 4) generated 10 shapes.
Layer 4 (Size 5) generated 21 shapes.
Layer 5 (Size 6) generated 83 shapes.
shapes count: 83
re-testing shape 36...
(0, 0, 0, 0)
(0, 0, 0, 2)
(0, 0, 0, 3)
(0, 1, 0, 3)
(0, -1, 0, 2)
(0, 1, 0, 0)
Generated 878 potential tile positions for s1.
Corona 1: Radius 3 sufficient.
Generated disjointness constraints.
Generated surrounds center constraints.
generated model. Starting solver...
Solving monolithic model for 1 corona(s)...
Solution found!
S1: (-2, -1, -1, 6)
S1: (-2, -1, -1, 17)
S1: (-2, -1, 0, 6)
S1: (-2, -1, 0, 17)
S1: (-2, -1, 0, 23)
S1: (-2, -1, 1, 6)
S1: (-2, -1, 1, 23)
S1: (-2, 0, -1, 6)
S1: (-2, 0, -1, 12)
S1: (-2, 0, -1, 17)
S1: (-2, 0, 0, 6)
S1: (-2, 0, 0, 12)
S1: (-2, 0, 0, 23)
S1: (-2, 0, 1, 6)
S1: (-2, 0, 1, 12)
S1: (-2, 1, -1, 12)
S1: (-2, 1, -1, 17)
S1: (-2, 1, 0, 12)
S1: (-2, 1, 0, 17)
S1: (-2, 1, 0, 23)
S1: (-2, 1, 1, 12)
S1: (-2, 1, 1, 23)
S1: (-1, -2, -1, 0)
S1: (-1, -2, 1, 0)
S1: (-1, -1, 0, 14)
S1: (-1, 0, -2, 20)
S1: (-1, 0, 1, 16)
S1: (-1, 1, -2, 20)
S1: (-1, 1, 0, 4)
S1: (-1, 1, 2, 16)
S1: (-1, 2, -1, 12)
S1: (-1, 2, -1, 17)
S1: (-1, 2, 0, 17)
S1: (-1, 2, 0, 23)
S1: (-1, 2, 1, 12)
S1: (-1, 2, 1, 23)
S1: (0, -2, -1, 0)
S1: (0, -2, -1, 2)
S1: (0, -2, 0, 8)
S1: (0, -2, 1, 0)
S1: (0, -2, 1, 2)
S1: (0, -1, -2, 7)
S1: (0, -1, -1, 15)
S1: (0, -1, 1, 13)
S1: (0, -1, 2, 5)
S1: (0, 0, -2, 7)
S1: (0, 0, -2, 13)
S1: (0, 0, -2, 20)
S1: (0, 0, -1, 18)
S1: (0, 0, 1, 20)
S1: (0, 0, 2, 5)
S1: (0, 0, 2, 15)
S1: (0, 0, 2, 22)
S1: (0, 1, -2, 7)
S1: (0, 1, -2, 13)
S1: (0, 1, -2, 20)
S1: (0, 1, -1, 22)
S1: (0, 1, 1, 20)
S1: (0, 1, 2, 5)
S1: (0, 1, 2, 15)
S1: (0, 1, 2, 22)
S1: (0, 2, -2, 20)
S1: (0, 2, 0, 2)
S1: (0, 2, 2, 16)
S1: (0, 3, 0, 8)
S1: (1, -2, -1, 1)
S1: (1, -2, -1, 2)
S1: (1, -2, 0, 1)
S1: (1, -2, 0, 3)
S1: (1, -2, 1, 2)
S1: (1, -2, 1, 3)
S1: (1, -1, -2, 7)
S1: (1, -1, 0, 12)
S1: (1, -1, 2, 5)
S1: (1, 0, -2, 7)
S1: (1, 0, -2, 13)
S1: (1, 0, -2, 18)
S1: (1, 0, 0, 2)
S1: (1, 0, 2, 5)
S1: (1, 0, 2, 15)
S1: (1, 0, 2, 22)
S1: (1, 1, -2, 7)
S1: (1, 1, -2, 13)
S1: (1, 1, -2, 18)
S1: (1, 1, 2, 5)
S1: (1, 1, 2, 15)
S1: (1, 1, 2, 22)
S1: (1, 2, -2, 13)
S1: (1, 2, -2, 18)
S1: (1, 2, 2, 15)
S1: (1, 2, 2, 22)
S1: (1, 3, -1, 9)
S1: (1, 3, 0, 9)
S1: (1, 3, 0, 10)
S1: (1, 3, 0, 11)
S1: (1, 3, 1, 11)
S1: (2, 0, -1, 21)
S1: (2, 0, 0, 19)
S1: (2, 0, 0, 21)
S1: (2, 0, 1, 19)
S1: (2, 1, -1, 21)
S1: (2, 1, 0, 4)
S1: (2, 1, 0, 19)
S1: (2, 1, 0, 21)
S1: (2, 1, 1, 19)
S1: (2, 2, 0, 14)
Generated 878 potential tile positions for s1.
Corona 1: Radius 3 sufficient.
Generated 5790 potential tile positions for s2.
Corona 2: Radius 3 insufficient. Expanding to 4...
Corona 2: Radius 4 insufficient. Expanding to 5...
Corona 2: Radius 5 sufficient.
Applying hints from previous solution...
Generated disjointness constraints.
Generated surrounds center constraints.
Generated S2 surrounds S1 constraints.
generated model. Starting solver...
Solving monolithic model for 2 corona(s)...
Solution found!
S1: (-2, 1, -1, 12)
S1: (-1, -1, -1, 1)
S1: (-1, -1, -1, 19)
S1: (-1, -1, 0, 1)
S1: (-1, -1, 0, 23)
S1: (-1, -1, 1, 3)
S1: (-1, -1, 2, 16)
S1: (-1, 0, -2, 7)
S1: (-1, 0, 0, 23)
S1: (-1, 1, 0, 2)
S1: (-1, 1, 0, 20)
S1: (-1, 1, 1, 1)
S1: (-1, 2, -1, 8)
S1: (-1, 2, 1, 23)
S1: (0, -2, 0, 10)
S1: (0, -2, 1, 2)
S1: (0, -1, -1, 3)
S1: (0, -1, 1, 7)
S1: (0, 0, -1, 17)
S1: (0, 0, 1, 6)
S1: (0, 0, 1, 13)
S1: (0, 1, -1, 2)
S1: (0, 1, 0, 18)
S1: (0, 2, -2, 20)
S1: (0, 2, 0, 3)
S1: (0, 2, 0, 21)
S1: (0, 2, 1, 9)
S1: (0, 3, -1, 9)
S1: (1, -1, -1, 3)
S1: (1, -1, -1, 21)
S1: (1, -1, 0, 3)
S1: (1, -1, 0, 17)
S1: (1, -1, 1, 11)
S1: (1, -1, 1, 17)
S1: (1, 0, 1, 16)
S1: (1, 1, -1, 3)
S1: (1, 1, -1, 17)
S1: (1, 1, 0, 10)
S1: (1, 1, 1, 7)
S1: (1, 1, 1, 14)
S1: (1, 2, 0, 7)
S1: (1, 2, 1, 12)
S1: (1, 3, -1, 10)
S1: (2, 1, 0, 19)
S2: (-3, -2, -1, 3)
S2: (-3, -2, -1, 21)
S2: (-3, -2, 1, 6)
S2: (-3, -1, -2, 9)
S2: (-3, -1, -1, 6)
S2: (-3, -1, 0, 23)
S2: (-3, 0, -2, 6)
S2: (-3, 0, -1, 7)
S2: (-3, 0, 0, 21)
S2: (-3, 0, 2, 6)
S2: (-3, 1, -2, 5)
S2: (-3, 1, -2, 14)
S2: (-3, 1, 0, 4)
S2: (-3, 1, 0, 13)
S2: (-3, 1, 2, 12)
S2: (-3, 2, -2, 14)
S2: (-3, 2, -1, 3)
S2: (-3, 2, 0, 23)
S2: (-3, 2, 1, 4)
S2: (-3, 2, 1, 15)
S2: (-3, 3, -2, 9)
S2: (-2, -3, 1, 3)
S2: (-2, -2, -2, 11)
S2: (-2, -2, -2, 17)
S2: (-2, -2, -1, 1)
S2: (-2, -2, 0, 9)
S2: (-2, -2, 0, 19)
S2: (-2, -2, 2, 16)
S2: (-2, -2, 3, 8)
S2: (-2, -1, -3, 7)
S2: (-2, -1, -3, 14)
S2: (-2, -1, -2, 17)
S2: (-2, -1, 1, 5)
S2: (-2, -1, 1, 14)
S2: (-2, -1, 2, 0)
S2: (-2, -1, 3, 20)
S2: (-2, 0, -3, 4)
S2: (-2, 0, -3, 15)
S2: (-2, 0, -1, 7)
S2: (-2, 0, -1, 14)
S2: (-2, 0, 1, 4)
S2: (-2, 0, 1, 15)
S2: (-2, 0, 3, 2)
S2: (-2, 0, 3, 20)
S2: (-2, 1, -3, 13)
S2: (-2, 1, -1, 5)
S2: (-2, 1, 1, 4)
S2: (-2, 1, 1, 15)
S2: (-2, 1, 3, 5)
S2: (-2, 2, -2, 13)
S2: (-2, 2, -1, 17)
S2: (-2, 2, 0, 8)
S2: (-2, 2, 1, 13)
S2: (-2, 3, -2, 3)
S2: (-2, 3, -2, 17)
S2: (-2, 3, -1, 2)
S2: (-2, 3, 0, 18)
S2: (-2, 3, 1, 1)
S2: (-2, 3, 2, 1)
S2: (-2, 3, 2, 23)
S2: (-1, -3, -1, 1)
S2: (-1, -3, -1, 19)
S2: (-1, -3, 0, 3)
S2: (-1, -3, 1, 2)
S2: (-1, -3, 1, 16)
S2: (-1, -3, 2, 0)
S2: (-1, -3, 3, 0)
S2: (-1, -2, -3, 0)
S2: (-1, -2, -2, 0)
S2: (-1, -2, -1, 19)
S2: (-1, -2, 1, 16)
S2: (-1, -2, 3, 22)
S2: (-1, -1, -3, 7)
S2: (-1, -1, 2, 2)
S2: (-1, -1, 3, 2)
S2: (-1, 0, -2, 14)
S2: (-1, 0, 2, 20)
S2: (-1, 1, -3, 12)
S2: (-1, 1, -2, 5)
S2: (-1, 1, -2, 12)
S2: (-1, 1, 2, 1)
S2: (-1, 1, 2, 23)
S2: (-1, 2, -3, 14)
S2: (-1, 2, -2, 5)
S2: (-1, 2, -2, 12)
S2: (-1, 2, 2, 23)
S2: (-1, 2, 3, 12)
S2: (-1, 3, -3, 4)
S2: (-1, 3, -3, 13)
S2: (-1, 3, -1, 19)
S2: (-1, 3, 0, 11)
S2: (-1, 3, 0, 17)
S2: (-1, 3, 1, 1)
S2: (-1, 3, 1, 23)
S2: (-1, 3, 2, 0)
S2: (0, -3, -2, 7)
S2: (0, -3, 0, 15)
S2: (0, -3, 2, 22)
S2: (0, -2, -2, 13)
S2: (0, -2, 1, 20)
S2: (0, -2, 2, 2)
S2: (0, -2, 3, 8)
S2: (0, -2, 3, 18)
S2: (0, -1, -3, 22)
S2: (0, -1, -2, 10)
S2: (0, -1, 3, 23)
S2: (0, 0, -3, 7)
S2: (0, 0, -3, 14)
S2: (0, 0, 3, 0)
S2: (0, 0, 3, 22)
S2: (0, 1, -2, 5)
S2: (0, 1, 3, 5)
S2: (0, 2, 3, 5)
S2: (0, 3, -3, 8)
S2: (0, 3, -2, 2)
S2: (0, 3, -2, 20)
S2: (0, 3, 2, 18)
S2: (1, -3, -1, 3)
S2: (1, -3, -1, 17)
S2: (1, -3, 0, 1)
S2: (1, -3, 0, 23)
S2: (1, -3, 1, 2)
S2: (1, -3, 2, 0)
S2: (1, -3, 2, 18)
S2: (1, -2, -2, 17)
S2: (1, -2, -1, 21)
S2: (1, -2, 0, 19)
S2: (1, -2, 3, 22)
S2: (1, -1, -3, 4)
S2: (1, -1, -2, 11)
S2: (1, -1, -2, 21)
S2: (1, -1, 2, 11)
S2: (1, -1, 2, 21)
S2: (1, -1, 3, 8)
S2: (1, 0, -3, 7)
S2: (1, 0, -2, 21)
S2: (1, 0, 2, 4)
S2: (1, 0, 3, 20)
S2: (1, 1, -3, 22)
S2: (1, 1, -2, 12)
S2: (1, 1, 2, 14)
S2: (1, 1, 3, 10)
S2: (1, 1, 3, 20)
S2: (1, 2, -3, 0)
S2: (1, 2, -3, 18)
S2: (1, 2, -2, 9)
S2: (1, 2, 2, 7)
S2: (1, 2, 2, 14)
S2: (1, 2, 3, 17)
S2: (1, 3, -3, 18)
S2: (1, 3, -1, 16)
S2: (1, 3, 0, 4)
S2: (1, 3, 1, 4)
S2: (1, 3, 1, 15)
S2: (1, 3, 2, 14)
S2: (2, -3, 0, 1)
S2: (2, -3, 1, 9)
S2: (2, -3, 1, 19)
S2: (2, -3, 2, 2)
S2: (2, -2, -3, 7)
S2: (2, -2, -1, 1)
S2: (2, -2, 1, 21)
S2: (2, -2, 3, 16)
S2: (2, -1, -2, 7)
S2: (2, -1, 0, 11)
S2: (2, -1, 1, 11)
S2: (2, -1, 2, 11)
S2: (2, -1, 3, 16)
S2: (2, 0, -3, 7)
S2: (2, 0, -1, 7)
S2: (2, 0, -1, 12)
S2: (2, 0, 1, 22)
S2: (2, 1, 1, 15)
S2: (2, 1, 2, 0)
S2: (2, 1, 3, 0)
S2: (2, 1, 3, 18)
S2: (2, 2, -2, 9)
S2: (2, 2, -2, 23)
S2: (2, 2, -1, 11)
S2: (2, 2, -1, 17)
S2: (2, 2, 0, 3)
S2: (2, 2, 0, 17)
S2: (2, 2, 2, 7)
S2: (2, 3, -2, 18)
S2: (2, 3, 1, 11)
S2: (2, 3, 2, 13)
S2: (3, -2, -1, 19)
S2: (3, -2, 0, 7)
S2: (3, -2, 0, 12)
S2: (3, -2, 2, 2)
S2: (3, -2, 2, 20)
S2: (3, -1, -2, 14)
S2: (3, -1, -1, 23)
S2: (3, -1, 0, 5)
S2: (3, -1, 0, 12)
S2: (3, -1, 1, 12)
S2: (3, -1, 2, 5)
S2: (3, 0, -2, 14)
S2: (3, 0, -1, 7)
S2: (3, 0, 0, 12)
S2: (3, 0, 1, 4)
S2: (3, 0, 1, 13)
S2: (3, 0, 2, 21)
S2: (3, 1, -1, 7)
S2: (3, 1, -1, 14)
S2: (3, 1, 1, 4)
S2: (3, 1, 1, 13)
S2: (3, 1, 3, 22)
S2: (3, 2, 1, 23)
S2: (3, 2, 2, 15)
S2: (3, 3, -2, 4)
S2: (3, 3, -1, 21)
S2: (3, 3, 0, 11)
S2: (3, 3, 0, 21)
S2: (3, 3, 2, 10)
S2: (-4, 1, -1, 12)
S2: (-4, 2, -1, 17)
S2: (-2, -4, -1, 17)
S2: (-2, 4, -2, 17)
S2: (-1, -4, 0, 17)
S2: (-1, -4, 1, 23)
S2: (-1, -1, 4, 20)
S2: (-1, 0, -4, 7)
S2: (-1, 4, -2, 8)
S2: (-1, 4, -1, 9)
S2: (-1, 4, -1, 19)
S2: (-1, 4, 0, 19)
S2: (0, -4, -1, 7)
S2: (0, -4, 1, 0)
S2: (0, -4, 2, 0)
S2: (0, 1, -4, 20)
S2: (0, 2, -4, 13)
S2: (0, 4, -2, 16)
S2: (0, 4, 0, 13)
S2: (1, 4, -2, 0)
S2: (1, 4, -1, 22)
S2: (1, 4, 0, 4)
S2: (1, 4, 1, 15)
S2: (2, 4, -3, 13)
S2: (2, 4, -1, 0)
S2: (2, 4, -1, 22)
S2: (2, 4, 0, 0)
S2: (4, 1, 0, 14)
S2: (4, 1, 2, 4)
S2: (4, 2, -1, 14)
S2: (4, 2, 0, 14)
S2: (-1, -5, -1, 0)
S2: (-1, -5, 0, 3)
S2: (0, -5, -1, 2)
S2: (0, 5, -1, 8)
S2: (1, 5, -1, 8)
Generated 878 potential tile positions for s1.
Corona 1: Radius 3 sufficient.
Generated 5790 potential tile positions for s2.
Corona 2: Radius 3 insufficient. Expanding to 4...
Corona 2: Radius 4 insufficient. Expanding to 5...
Corona 2: Radius 5 sufficient.
Generated 15196 potential tile positions for s3.
Corona 3: Radius 5 insufficient. Expanding to 6...
Corona 3: Radius 6 insufficient. Expanding to 7...
Corona 3: Radius 7 insufficient. Expanding to 8...
Corona 3: Radius 8 sufficient.
Applying hints from previous solution...
Generated disjointness constraints.
Generated surrounds center constraints.
Generated S2 surrounds S1 constraints.
Generated S3 surrounds S2 constraints.
generated model. Starting solver...
Solving monolithic model for 3 corona(s)...
